his is a SAMPLE run script for SMP LINPACK. Change it to reflect
the correct number of CPUs/threads, problem input files, etc..
Mon Mar 21 10:44:30 CST 2016
Intel(R) Optimized LINPACK Benchmark data

Current date/time: Mon Mar 21 10:44:31 2016

CPU frequency:    3.291 GHz
Number of CPUs: 2
Number of cores: 24
Number of threads: 24

Parameters are set to:

Number of tests: 15
Number of equations to solve (problem size) : 1000  2000  5000  10000 15000 18000 20000 22000 25000 26000 27000 30000 35000 40000 45000
Leading dimension of array                  : 1000  2000  5008  10000 15000 18008 20016 22008 25000 26000 27000 30000 35000 40000 45000
Number of trials to run                     : 4     2     2     2     2     2     2     2     2     2     1     1     1     1     1    
Data alignment value (in Kbytes)            : 4     4     4     4     4     4     4     4     4     4     4     1     1     1     1    

Maximum memory requested that can be used=16200901024, at the size=45000

=================== Timing linear equation system solver ===================

Size   LDA    Align. Time(s)    GFlops   Residual     Residual(norm) Check
1000   1000   4      0.034      19.7545  8.866796e-13 3.023805e-02   pass
1000   1000   4      0.006      106.6064 8.866796e-13 3.023805e-02   pass
1000   1000   4      0.006      109.4712 8.866796e-13 3.023805e-02   pass
1000   1000   4      0.006      112.5789 8.866796e-13 3.023805e-02   pass
2000   2000   4      0.023      231.7211 3.864797e-12 3.361900e-02   pass
2000   2000   4      0.020      267.7917 3.864797e-12 3.361900e-02   pass
5000   5008   4      0.164      509.9696 2.610272e-11 3.639813e-02   pass
5000   5008   4      0.159      524.9735 2.610272e-11 3.639813e-02   pass
10000  10000  4      1.001      666.0301 8.837775e-11 3.116289e-02   pass
10000  10000  4      0.985      677.0570 8.837775e-11 3.116289e-02   pass
15000  15000  4      3.138      717.0532 2.285004e-10 3.598920e-02   pass
15000  15000  4      3.132      718.5072 2.285004e-10 3.598920e-02   pass
18000  18008  4      5.122      759.1996 3.152428e-10 3.452296e-02   pass
18000  18008  4      5.125      758.8288 3.152428e-10 3.452296e-02   pass
20000  20016  4      7.006      761.3988 4.122852e-10 3.649627e-02   pass
20000  20016  4      6.906      772.3887 4.122852e-10 3.649627e-02   pass
22000  22008  4      9.228      769.3273 4.798982e-10 3.515066e-02   pass
22000  22008  4      9.242      768.1673 4.798982e-10 3.515066e-02   pass
25000  25000  4      13.529     770.0439 5.071391e-10 2.883918e-02   pass
25000  25000  4      13.493     772.0895 5.071391e-10 2.883918e-02   pass
26000  26000  4      15.126     774.7605 7.744224e-10 4.072145e-02   pass
26000  26000  4      15.160     773.0161 7.744224e-10 4.072145e-02   pass
27000  27000  4      17.002     771.8699 6.529585e-10 3.184157e-02   pass
30000  30000  1      23.341     771.2645 8.009147e-10 3.157214e-02   pass
35000  35000  1      37.199     768.4618 1.088733e-09 3.160427e-02   pass
40000  40000  1      55.991     762.0874 1.379381e-09 3.067790e-02   pass
45000  45000  1      83.729     725.5999 1.844458e-09 3.245129e-02   pass

Performance Summary (GFlops)

Size   LDA    Align.  Average  Maximal
1000   1000   4       87.1028  112.5789
2000   2000   4       249.7564 267.7917
5000   5008   4       517.4715 524.9735
10000  10000  4       671.5436 677.0570
15000  15000  4       717.7802 718.5072
18000  18008  4       759.0142 759.1996
20000  20016  4       766.8938 772.3887
22000  22008  4       768.7473 769.3273
25000  25000  4       771.0667 772.0895
26000  26000  4       773.8883 774.7605
27000  27000  4       771.8699 771.8699
30000  30000  1       771.2645 771.2645
35000  35000  1       768.4618 768.4618
40000  40000  1       762.0874 762.0874
45000  45000  1       725.5999 725.5999

Residual checks PASSED

End of tests

Done: Mon Mar 21 10:53:58 CST 2016
